
> ghostlink@0.1.0 build
> next build

▲ Next.js 16.1.6 (Turbopack)
- Environments: .env

  Creating an optimized production build ...
✓ Compiled successfully in 4.2s
  Running TypeScript ...
  Collecting page data using 11 workers ...
  Generating static pages using 11 workers (0/6) ...
  Generating static pages using 11 workers (1/6) 
  Generating static pages using 11 workers (2/6) 
  Generating static pages using 11 workers (4/6) 
✓ Generating static pages using 11 workers (6/6) in 693.4ms
  Finalizing page optimization ...

Route (app)
┌ ○ /
├ ○ /_not-found
├ ƒ /api/chat/create
├ ƒ /api/chat/join
├ ○ /chat-destroyed
└ ƒ /chat/[id]


○  (Static)   prerendered as static content
ƒ  (Dynamic)  server-rendered on demand

